1655158208725	geckodriver	INFO	Listening on 127.0.0.1:49165
1655158211700	mozrunner::runner	INFO	Running command: "C:\\Program Files\\Mozilla Firefox\\firefox.exe" "--marionette" "--remote-debugging-port" "49166" "-no-remote" "-profile" "C:\\Users\\user\\AppData\\Local\\Temp\\rust_mozprofile9wApoE"
1655158217699	Marionette	INFO	Marionette enabled
console.warn: SearchSettings: "get: No settings file exists, new profile?" (new NotFoundError("Could not open the file at C:\\Users\\user\\AppData\\Local\\Temp\\rust_mozprofile9wApoE\\search.json.mozlz4", (void 0)))
DevTools listening on ws://localhost:49166/devtools/browser/4b89b7f8-e919-47df-a4c0-aa186c0d02be
1655158227871	Marionette	INFO	Listening on port 49171
1655158228241	RemoteAgent	WARN	TLS certificate errors will be ignored for this session
JavaScript error: , line 0: TypeError: NetworkError when attempting to fetch resource.
JavaScript error: https://lngtd.com/nerdlegame.js, line 1: TypeError: i is not a function
console.error: (new TypeError("parent is null", "resource://devtools/client/inspector/shared/style-change-tracker.js", 67))
TypeError: parent is null: canMutationImpactCurrentStyles@resource://devtools/client/inspector/shared/style-change-tracker.js:67:24
onMutations@resource://devtools/client/inspector/shared/style-change-tracker.js:84:41
_emit@resource://devtools/shared/event-emitter.js:242:32
emit@resource://devtools/shared/event-emitter.js:186:18
emit@resource://devtools/shared/event-emitter.js:330:18
getMutations@resource://devtools/client/fronts/walker.js:312:10

console.error: (new TypeError("nodeFront.walkerFront is null", "resource://devtools/client/inspector/markup/markup.js", 956))
TypeError: nodeFront.walkerFront is null: _onNewSelection@resource://devtools/client/inspector/markup/markup.js:956:7
_emit@resource://devtools/shared/event-emitter.js:242:32
emit@resource://devtools/shared/event-emitter.js:186:18
emit@resource://devtools/shared/event-emitter.js:330:18
setNodeFront@resource://devtools/client/framework/selection.js:206:10
onDetached@resource://devtools/client/inspector/inspector.js:1700:20
_emit@resource://devtools/shared/event-emitter.js:242:32
emit@resource://devtools/shared/event-emitter.js:186:18
emit@resource://devtools/shared/event-emitter.js:330:18
_onMutations@resource://devtools/client/framework/selection.js:104:12
_emit@resource://devtools/shared/event-emitter.js:242:32
emit@resource://devtools/shared/event-emitter.js:186:18
emit@resource://devtools/shared/event-emitter.js:330:18
getMutations@resource://devtools/client/fronts/walker.js:312:10

console.error: (new Error("Can not send request 'getUniqueSelector' because front 'domnode' is already destroyed.", "resource://devtools/shared/protocol/Front/FrontClassWithSpec.js", 28))
console.error: (new TypeError("container.node.targetFront is null", "resource://devtools/client/inspector/markup/markup.js", 2320))
console.error: (new TypeError("container.node.targetFront is null", "resource://devtools/client/inspector/markup/markup.js", 2320))
console.error: (new TypeError("container.node.targetFront is null", "resource://devtools/client/inspector/markup/markup.js", 2320))
JavaScript error: resource://gre/modules/AsyncShutdown.jsm, line 575: NotFoundError: No such JSWindowActor 'DevToolsFrame'
JavaScript error: resource://gre/modules/AsyncShutdown.jsm, line 575: NotFoundError: No such JSWindowActor 'DevToolsFrame'
JavaScript error: resource://gre/modules/AsyncShutdown.jsm, line 575: NotFoundError: No such JSWindowActor 'DevToolsFrame'
1655158279930	Marionette	INFO	Stopped listening on port 49171
console.warn: TopSitesFeed: Failed to fetch data from Contile server: NetworkError when attempting to fetch resource.
JavaScript error: chrome://remote/content/marionette/cert.js, line 55: NS_ERROR_NOT_AVAILABLE: Component returned failure code: 0x80040111 (NS_ERROR_NOT_AVAILABLE) [nsICertOverrideService.setDisableAllSecurityChecksAndLetAttackersInterceptMyData]
1655158296945	geckodriver	INFO	Listening on 127.0.0.1:49242
1655158300104	mozrunner::runner	INFO	Running command: "C:\\Program Files\\Mozilla Firefox\\firefox.exe" "--marionette" "--remote-debugging-port" "49243" "-no-remote" "-profile" "C:\\Users\\user\\AppData\\Local\\Temp\\rust_mozprofileTssrlS"
1655158300474	Marionette	INFO	Marionette enabled
console.warn: SearchSettings: "get: No settings file exists, new profile?" (new NotFoundError("Could not open the file at C:\\Users\\user\\AppData\\Local\\Temp\\rust_mozprofileTssrlS\\search.json.mozlz4", (void 0)))
DevTools listening on ws://localhost:49243/devtools/browser/3b51c98c-7252-45bb-ab0d-544194f26898
1655158303965	Marionette	INFO	Listening on port 49248
1655158304321	RemoteAgent	WARN	TLS certificate errors will be ignored for this session
JavaScript error: , line 0: TypeError: NetworkError when attempting to fetch resource.
JavaScript error: https://lngtd.com/nerdlegame.js, line 1: TypeError: i is not a function
1655158606784	Marionette	WARN	TimedPromise timed out after 500 ms: stacktrace:
TimedPromise/<@chrome://remote/content/marionette/sync.js:235:19
TimedPromise@chrome://remote/content/marionette/sync.js:220:10
interaction.flushEventLoop@chrome://remote/content/marionette/interaction.js:431:10
webdriverClickElement@chrome://remote/content/marionette/interaction.js:179:31
JavaScript error: https://pagead2.googlesyndication.com/pagead/js/adsbygoogle.js?client=ca-pub-3230114175671394, line 242: uncaught exception: TagError: adsbygoogle.push() error: No slot size for availableWidth=0
1655158709697	Marionette	WARN	Ignoring event 'DOMContentLoaded' because document has an invalid readyState of 'loading'.
1655158710098	Marionette	WARN	Ignoring event 'pageshow' because document has an invalid readyState of 'uninitialized'.
JavaScript warning: https://pagead2.googlesyndication.com/bg/CnoZAs8LLGLdiZmvwH5JG-0Ol-GPeQ_utKIi1OQFCbs.js line 2 > eval line 2615 > eval line 1 > eval line 1 > eval, line 1: WEBGL_debug_renderer_info is deprecated in Firefox and will be removed. Please use RENDERER.
JavaScript warning: https://pagead2.googlesyndication.com/bg/CnoZAs8LLGLdiZmvwH5JG-0Ol-GPeQ_utKIi1OQFCbs.js line 2 > eval line 4521 > eval line 1 > eval line 1 > eval, line 1: WEBGL_debug_renderer_info is deprecated in Firefox and will be removed. Please use RENDERER.
1655158789860	geckodriver	INFO	Listening on 127.0.0.1:49427
1655158792868	mozrunner::runner	INFO	Running command: "C:\\Program Files\\Mozilla Firefox\\firefox.exe" "--marionette" "--remote-debugging-port" "49428" "-no-remote" "-profile" "C:\\Users\\user\\AppData\\Local\\Temp\\rust_mozprofilexjeLz1"
1655158793199	Marionette	INFO	Marionette enabled
console.warn: SearchSettings: "get: No settings file exists, new profile?" (new NotFoundError("Could not open the file at C:\\Users\\user\\AppData\\Local\\Temp\\rust_mozprofilexjeLz1\\search.json.mozlz4", (void 0)))
DevTools listening on ws://localhost:49428/devtools/browser/69328e1a-376a-4b3f-8781-a27216d898e9
1655158795377	Marionette	INFO	Listening on port 49433
1655158795518	RemoteAgent	WARN	TLS certificate errors will be ignored for this session
JavaScript error: , line 0: TypeError: NetworkError when attempting to fetch resource.
JavaScript error: https://lngtd.com/nerdlegame.js, line 1: TypeError: i is not a function
JavaScript error: https://pagead2.googlesyndication.com/pagead/js/adsbygoogle.js?client=ca-pub-3230114175671394, line 242: uncaught exception: TagError: adsbygoogle.push() error: No slot size for availableWidth=0
JavaScript warning: https://pagead2.googlesyndication.com/bg/CnoZAs8LLGLdiZmvwH5JG-0Ol-GPeQ_utKIi1OQFCbs.js line 2 > eval line 3003 > eval line 1 > eval line 1 > eval, line 1: WEBGL_debug_renderer_info is deprecated in Firefox and will be removed. Please use RENDERER.
JavaScript error: , line 0: TypeError: NetworkError when attempting to fetch resource.
JavaScript error: , line 0: TypeError: NetworkError when attempting to fetch resource.
JavaScript error: , line 0: TypeError: NetworkError when attempting to fetch resource.
JavaScript error: , line 0: TypeError: NetworkError when attempting to fetch resource.
1655158898790	geckodriver	INFO	Listening on 127.0.0.1:49583
1655158901427	mozrunner::runner	INFO	Running command: "C:\\Program Files\\Mozilla Firefox\\firefox.exe" "--marionette" "--remote-debugging-port" "49584" "-no-remote" "-profile" "C:\\Users\\user\\AppData\\Local\\Temp\\rust_mozprofileBgkfdG"
1655158903090	Marionette	INFO	Marionette enabled
console.warn: SearchSettings: "get: No settings file exists, new profile?" (new NotFoundError("Could not open the file at C:\\Users\\user\\AppData\\Local\\Temp\\rust_mozprofileBgkfdG\\search.json.mozlz4", (void 0)))
DevTools listening on ws://localhost:49584/devtools/browser/5f98457f-5e40-426f-87be-33cfb897d5da
1655158905355	Marionette	INFO	Listening on port 49589
1655158905649	RemoteAgent	WARN	TLS certificate errors will be ignored for this session
JavaScript error: , line 0: TypeError: NetworkError when attempting to fetch resource.
JavaScript error: https://lngtd.com/nerdlegame.js, line 1: TypeError: i is not a function
1655158937448	Marionette	INFO	Stopped listening on port 49589
console.warn: TopSitesFeed: Failed to fetch data from Contile server: NetworkError when attempting to fetch resource.
JavaScript error: chrome://remote/content/marionette/cert.js, line 55: NS_ERROR_NOT_AVAILABLE: Component returned failure code: 0x80040111 (NS_ERROR_NOT_AVAILABLE) [nsICertOverrideService.setDisableAllSecurityChecksAndLetAttackersInterceptMyData]
[Parent 23316, IPC I/O Parent] WARNING: file /builds/worker/checkouts/gecko/ipc/chromium/src/base/process_util_win.cc:167
1655285647501	geckodriver	INFO	Listening on 127.0.0.1:62983
1655285650867	mozrunner::runner	INFO	Running command: "C:\\Program Files\\Mozilla Firefox\\firefox.exe" "--marionette" "--remote-debugging-port" "62984" "-no-remote" "-profile" "C:\\Users\\user\\AppData\\Local\\Temp\\rust_mozprofileNY4fOL"
1655285653855	Marionette	INFO	Marionette enabled
console.warn: SearchSettings: "get: No settings file exists, new profile?" (new NotFoundError("Could not open the file at C:\\Users\\user\\AppData\\Local\\Temp\\rust_mozprofileNY4fOL\\search.json.mozlz4", (void 0)))
DevTools listening on ws://localhost:62984/devtools/browser/abcd5829-edef-4236-8bbd-a33162be90c3
1655285659690	Marionette	INFO	Listening on port 62989
1655285660126	RemoteAgent	WARN	TLS certificate errors will be ignored for this session
JavaScript error: , line 0: TypeError: NetworkError when attempting to fetch resource.
JavaScript error: https://lngtd.com/nerdlegame.js, line 1: TypeError: i is not a function
1655285685984	Marionette	INFO	Stopped listening on port 62989
console.warn: TopSitesFeed: Failed to fetch data from Contile server: NetworkError when attempting to fetch resource.
1655285793141	geckodriver	INFO	Listening on 127.0.0.1:63089
1655285796229	mozrunner::runner	INFO	Running command: "C:\\Program Files\\Mozilla Firefox\\firefox.exe" "--marionette" "--remote-debugging-port" "63090" "-no-remote" "-profile" "C:\\Users\\user\\AppData\\Local\\Temp\\rust_mozprofilexk3NOi"
1655285796889	Marionette	INFO	Marionette enabled
console.warn: SearchSettings: "get: No settings file exists, new profile?" (new NotFoundError("Could not open the file at C:\\Users\\user\\AppData\\Local\\Temp\\rust_mozprofilexk3NOi\\search.json.mozlz4", (void 0)))
DevTools listening on ws://localhost:63090/devtools/browser/f03c5857-ee99-4616-bd80-e791d03b117d
1655285801758	Marionette	INFO	Listening on port 63096
1655285802208	RemoteAgent	WARN	TLS certificate errors will be ignored for this session
JavaScript error: https://lngtd.com/nerdlegame.js, line 1: TypeError: i is not a function
JavaScript error: , line 0: TypeError: NetworkError when attempting to fetch resource.
1655285873347	Marionette	INFO	Stopped listening on port 63096
console.warn: TopSitesFeed: Failed to fetch data from Contile server: NetworkError when attempting to fetch resource.
1655285882164	geckodriver	INFO	Listening on 127.0.0.1:63173
1655285885221	mozrunner::runner	INFO	Running command: "C:\\Program Files\\Mozilla Firefox\\firefox.exe" "--marionette" "--remote-debugging-port" "63174" "-no-remote" "-profile" "C:\\Users\\user\\AppData\\Local\\Temp\\rust_mozprofile5BeiJ7"
1655285885729	Marionette	INFO	Marionette enabled
console.warn: SearchSettings: "get: No settings file exists, new profile?" (new NotFoundError("Could not open the file at C:\\Users\\user\\AppData\\Local\\Temp\\rust_mozprofile5BeiJ7\\search.json.mozlz4", (void 0)))
DevTools listening on ws://localhost:63174/devtools/browser/22253cd0-6ab5-405a-83e5-17bcb05e6b1f
1655285888587	Marionette	INFO	Listening on port 63179
1655285888959	RemoteAgent	WARN	TLS certificate errors will be ignored for this session
JavaScript error: , line 0: TypeError: NetworkError when attempting to fetch resource.
JavaScript error: https://lngtd.com/nerdlegame.js, line 1: TypeError: i is not a function
1655285892840	Marionette	WARN	TimedPromise timed out after 500 ms: stacktrace:
TimedPromise/<@chrome://remote/content/marionette/sync.js:235:19
TimedPromise@chrome://remote/content/marionette/sync.js:220:10
interaction.flushEventLoop@chrome://remote/content/marionette/interaction.js:431:10
webdriverClickElement@chrome://remote/content/marionette/interaction.js:179:31
1655285954372	geckodriver	INFO	Listening on 127.0.0.1:63245
1655285957481	mozrunner::runner	INFO	Running command: "C:\\Program Files\\Mozilla Firefox\\firefox.exe" "--marionette" "--remote-debugging-port" "63246" "-no-remote" "-profile" "C:\\Users\\user\\AppData\\Local\\Temp\\rust_mozprofiledqDjOK"
1655285958171	Marionette	INFO	Marionette enabled
console.warn: SearchSettings: "get: No settings file exists, new profile?" (new NotFoundError("Could not open the file at C:\\Users\\user\\AppData\\Local\\Temp\\rust_mozprofiledqDjOK\\search.json.mozlz4", (void 0)))
DevTools listening on ws://localhost:63246/devtools/browser/4f9e7628-09eb-4e9f-9188-1b653fc76abb
1655285960862	Marionette	INFO	Listening on port 63251
1655285960899	RemoteAgent	WARN	TLS certificate errors will be ignored for this session
JavaScript error: , line 0: TypeError: NetworkError when attempting to fetch resource.
JavaScript error: https://lngtd.com/nerdlegame.js, line 1: TypeError: i is not a function
1655285978399	geckodriver	INFO	Listening on 127.0.0.1:63312
1655285981488	mozrunner::runner	INFO	Running command: "C:\\Program Files\\Mozilla Firefox\\firefox.exe" "--marionette" "--remote-debugging-port" "63313" "-no-remote" "-profile" "C:\\Users\\user\\AppData\\Local\\Temp\\rust_mozprofileiPDO2S"
1655285982297	Marionette	INFO	Marionette enabled
console.warn: SearchSettings: "get: No settings file exists, new profile?" (new NotFoundError("Could not open the file at C:\\Users\\user\\AppData\\Local\\Temp\\rust_mozprofileiPDO2S\\search.json.mozlz4", (void 0)))
DevTools listening on ws://localhost:63313/devtools/browser/3e28a20d-3f5e-4119-839b-5e22e7813d3b
1655285986097	Marionette	INFO	Listening on port 63318
1655285986287	RemoteAgent	WARN	TLS certificate errors will be ignored for this session
JavaScript error: , line 0: TypeError: NetworkError when attempting to fetch resource.
JavaScript error: https://lngtd.com/nerdlegame.js, line 1: TypeError: i is not a function
1655286029061	geckodriver	INFO	Listening on 127.0.0.1:63385
1655286032083	mozrunner::runner	INFO	Running command: "C:\\Program Files\\Mozilla Firefox\\firefox.exe" "--marionette" "--remote-debugging-port" "63386" "-no-remote" "-profile" "C:\\Users\\user\\AppData\\Local\\Temp\\rust_mozprofileaI6Pa1"
1655286032413	Marionette	INFO	Marionette enabled
console.warn: SearchSettings: "get: No settings file exists, new profile?" (new NotFoundError("Could not open the file at C:\\Users\\user\\AppData\\Local\\Temp\\rust_mozprofileaI6Pa1\\search.json.mozlz4", (void 0)))
DevTools listening on ws://localhost:63386/devtools/browser/f4cc9e79-173c-4812-8a86-aaa26f6091c3
1655286035235	Marionette	INFO	Listening on port 63391
1655286035290	RemoteAgent	WARN	TLS certificate errors will be ignored for this session
JavaScript error: , line 0: TypeError: NetworkError when attempting to fetch resource.
JavaScript error: https://lngtd.com/nerdlegame.js, line 1: TypeError: i is not a function
1655286082173	geckodriver	INFO	Listening on 127.0.0.1:63451
1655286085185	mozrunner::runner	INFO	Running command: "C:\\Program Files\\Mozilla Firefox\\firefox.exe" "--marionette" "--remote-debugging-port" "63452" "-no-remote" "-profile" "C:\\Users\\user\\AppData\\Local\\Temp\\rust_mozprofiled7G9lX"
1655286085563	Marionette	INFO	Marionette enabled
console.warn: SearchSettings: "get: No settings file exists, new profile?" (new NotFoundError("Could not open the file at C:\\Users\\user\\AppData\\Local\\Temp\\rust_mozprofiled7G9lX\\search.json.mozlz4", (void 0)))
DevTools listening on ws://localhost:63452/devtools/browser/9f00b3af-69b5-44c2-b69f-333dd0fbf745
1655286088528	Marionette	INFO	Listening on port 63457
1655286088844	RemoteAgent	WARN	TLS certificate errors will be ignored for this session
JavaScript error: , line 0: TypeError: NetworkError when attempting to fetch resource.
JavaScript error: https://lngtd.com/nerdlegame.js, line 1: TypeError: i is not a function
1655286187510	Marionette	INFO	Stopped listening on port 63457
console.warn: TopSitesFeed: Failed to fetch data from Contile server: NetworkError when attempting to fetch resource.
JavaScript error: chrome://remote/content/marionette/cert.js, line 55: NS_ERROR_NOT_AVAILABLE: Component returned failure code: 0x80040111 (NS_ERROR_NOT_AVAILABLE) [nsICertOverrideService.setDisableAllSecurityChecksAndLetAttackersInterceptMyData]
1655286201960	geckodriver	INFO	Listening on 127.0.0.1:63519
1655286205514	mozrunner::runner	INFO	Running command: "C:\\Program Files\\Mozilla Firefox\\firefox.exe" "--marionette" "--remote-debugging-port" "63520" "-no-remote" "-profile" "C:\\Users\\user\\AppData\\Local\\Temp\\rust_mozprofilewdvsaK"
1655286205877	Marionette	INFO	Marionette enabled
console.warn: SearchSettings: "get: No settings file exists, new profile?" (new NotFoundError("Could not open the file at C:\\Users\\user\\AppData\\Local\\Temp\\rust_mozprofilewdvsaK\\search.json.mozlz4", (void 0)))
DevTools listening on ws://localhost:63520/devtools/browser/16407589-effb-40a5-bfa0-517e395323bc
1655286208940	Marionette	INFO	Listening on port 63525
1655286209178	RemoteAgent	WARN	TLS certificate errors will be ignored for this session
JavaScript error: , line 0: TypeError: NetworkError when attempting to fetch resource.
JavaScript error: https://lngtd.com/nerdlegame.js, line 1: TypeError: i is not a function
1655286283452	geckodriver	INFO	Listening on 127.0.0.1:63595
1655286286312	mozrunner::runner	INFO	Running command: "C:\\Program Files\\Mozilla Firefox\\firefox.exe" "--marionette" "--remote-debugging-port" "63596" "-no-remote" "-profile" "C:\\Users\\user\\AppData\\Local\\Temp\\rust_mozprofileL67PQi"
1655286292731	Marionette	INFO	Marionette enabled
console.error: Region.jsm: "Error fetching region" (new Error("TIMEOUT", "resource://gre/modules/Region.jsm", 772))
console.error: Region.jsm: "Failed to fetch region" (new Error("TIMEOUT", "resource://gre/modules/Region.jsm", 419))
console.warn: SearchSettings: "get: No settings file exists, new profile?" (new NotFoundError("Could not open the file at C:\\Users\\user\\AppData\\Local\\Temp\\rust_mozprofileL67PQi\\search.json.mozlz4", (void 0)))
DevTools listening on ws://localhost:63596/devtools/browser/b0f44f87-b956-4fc0-914a-49af8c3e3bcd
1655286319109	Marionette	INFO	Listening on port 63601
1655286319223	RemoteAgent	WARN	TLS certificate errors will be ignored for this session
JavaScript error: https://lngtd.com/nerdlegame.js, line 1: TypeError: i is not a function
JavaScript error: , line 0: TypeError: NetworkError when attempting to fetch resource.
1655286338346	Marionette	INFO	Stopped listening on port 63601
console.warn: TopSitesFeed: Failed to fetch data from Contile server: NetworkError when attempting to fetch resource.
JavaScript error: chrome://remote/content/marionette/cert.js, line 55: NS_ERROR_NOT_AVAILABLE: Component returned failure code: 0x80040111 (NS_ERROR_NOT_AVAILABLE) [nsICertOverrideService.setDisableAllSecurityChecksAndLetAttackersInterceptMyData]
!!! error running onStopped callback: TypeError: callback is not a function
JavaScript error: resource://gre/modules/UrlClassifierListManager.jsm, line 691: TypeError: this.tablesData[table] is undefined
1655286407256	geckodriver	INFO	Listening on 127.0.0.1:57766
1655286410193	mozrunner::runner	INFO	Running command: "C:\\Program Files\\Mozilla Firefox\\firefox.exe" "--marionette" "--remote-debugging-port" "57767" "-no-remote" "-profile" "C:\\Users\\user\\AppData\\Local\\Temp\\rust_mozprofile9B71PE"
1655286411043	Marionette	INFO	Marionette enabled
console.warn: SearchSettings: "get: No settings file exists, new profile?" (new NotFoundError("Could not open the file at C:\\Users\\user\\AppData\\Local\\Temp\\rust_mozprofile9B71PE\\search.json.mozlz4", (void 0)))
DevTools listening on ws://localhost:57767/devtools/browser/1e1a56ec-6a8d-46d2-aa8d-9fe4b50e2b54
1655286413838	Marionette	INFO	Listening on port 57772
1655286413861	RemoteAgent	WARN	TLS certificate errors will be ignored for this session
JavaScript error: , line 0: TypeError: NetworkError when attempting to fetch resource.
JavaScript error: https://lngtd.com/nerdlegame.js, line 1: TypeError: i is not a function
1655286461286	geckodriver	INFO	Listening on 127.0.0.1:57833
1655286464280	mozrunner::runner	INFO	Running command: "C:\\Program Files\\Mozilla Firefox\\firefox.exe" "--marionette" "--remote-debugging-port" "57834" "-no-remote" "-profile" "C:\\Users\\user\\AppData\\Local\\Temp\\rust_mozprofilegT1gIU"
1655286464648	Marionette	INFO	Marionette enabled
console.warn: SearchSettings: "get: No settings file exists, new profile?" (new NotFoundError("Could not open the file at C:\\Users\\user\\AppData\\Local\\Temp\\rust_mozprofilegT1gIU\\search.json.mozlz4", (void 0)))
DevTools listening on ws://localhost:57834/devtools/browser/6653cd73-c3fd-49e1-a40d-5d4f10eaa9c2
1655286468423	Marionette	INFO	Listening on port 57839
1655286468481	RemoteAgent	WARN	TLS certificate errors will be ignored for this session
JavaScript error: , line 0: TypeError: NetworkError when attempting to fetch resource.
JavaScript error: https://lngtd.com/nerdlegame.js, line 1: TypeError: i is not a function
1655286512262	geckodriver	INFO	Listening on 127.0.0.1:57897
1655286517985	geckodriver	INFO	Listening on 127.0.0.1:57906
1655286520981	mozrunner::runner	INFO	Running command: "C:\\Program Files\\Mozilla Firefox\\firefox.exe" "--marionette" "--remote-debugging-port" "57907" "-no-remote" "-profile" "C:\\Users\\user\\AppData\\Local\\Temp\\rust_mozprofilegaZHh6"
1655286521291	Marionette	INFO	Marionette enabled
console.warn: SearchSettings: "get: No settings file exists, new profile?" (new NotFoundError("Could not open the file at C:\\Users\\user\\AppData\\Local\\Temp\\rust_mozprofilegaZHh6\\search.json.mozlz4", (void 0)))
DevTools listening on ws://localhost:57907/devtools/browser/a7e157d0-7599-4240-94c7-79a5dc81b379
1655286524903	Marionette	INFO	Listening on port 57912
1655286525161	RemoteAgent	WARN	TLS certificate errors will be ignored for this session
JavaScript error: , line 0: TypeError: NetworkError when attempting to fetch resource.
JavaScript error: https://lngtd.com/nerdlegame.js, line 1: TypeError: i is not a function
1655286543953	geckodriver	INFO	Listening on 127.0.0.1:57970
1655286546945	mozrunner::runner	INFO	Running command: "C:\\Program Files\\Mozilla Firefox\\firefox.exe" "--marionette" "--remote-debugging-port" "57971" "-no-remote" "-profile" "C:\\Users\\user\\AppData\\Local\\Temp\\rust_mozprofilemt3RQG"
1655286547326	Marionette	INFO	Marionette enabled
console.warn: SearchSettings: "get: No settings file exists, new profile?" (new NotFoundError("Could not open the file at C:\\Users\\user\\AppData\\Local\\Temp\\rust_mozprofilemt3RQG\\search.json.mozlz4", (void 0)))
DevTools listening on ws://localhost:57971/devtools/browser/65585cd5-4c6c-45a2-aa15-0b80c6b4a8c4
1655286552324	Marionette	INFO	Listening on port 57976
1655286552738	RemoteAgent	WARN	TLS certificate errors will be ignored for this session
JavaScript error: https://lngtd.com/nerdlegame.js, line 1: TypeError: i is not a function
JavaScript error: , line 0: TypeError: NetworkError when attempting to fetch resource.
1655286569835	Marionette	INFO	Stopped listening on port 57976
console.warn: TopSitesFeed: Failed to fetch data from Contile server: NetworkError when attempting to fetch resource.
JavaScript error: chrome://remote/content/marionette/cert.js, line 55: NS_ERROR_NOT_AVAILABLE: Component returned failure code: 0x80040111 (NS_ERROR_NOT_AVAILABLE) [nsICertOverrideService.setDisableAllSecurityChecksAndLetAttackersInterceptMyData]

###!!! [Parent][PGPUParent] Error: RunMessage(msgname=PGPU::Msg_ShutdownVR) Channel closing: too late to send/recv, messages will be lost

1655286703719	geckodriver	INFO	Listening on 127.0.0.1:58073
1655286706700	mozrunner::runner	INFO	Running command: "C:\\Program Files\\Mozilla Firefox\\firefox.exe" "--marionette" "--remote-debugging-port" "58074" "-no-remote" "-profile" "C:\\Users\\user\\AppData\\Local\\Temp\\rust_mozprofileCAdgpl"
1655286712692	Marionette	INFO	Marionette enabled
console.warn: SearchSettings: "get: No settings file exists, new profile?" (new NotFoundError("Could not open the file at C:\\Users\\user\\AppData\\Local\\Temp\\rust_mozprofileCAdgpl\\search.json.mozlz4", (void 0)))
DevTools listening on ws://localhost:58074/devtools/browser/6e40354b-f051-4024-abdb-dc2480ec1b3d
1655286724523	Marionette	INFO	Listening on port 58079
1655286724725	RemoteAgent	WARN	TLS certificate errors will be ignored for this session
JavaScript error: , line 0: TypeError: NetworkError when attempting to fetch resource.
JavaScript error: https://lngtd.com/nerdlegame.js, line 1: TypeError: i is not a function
1655286827992	geckodriver	INFO	Listening on 127.0.0.1:56925
1655286830964	mozrunner::runner	INFO	Running command: "C:\\Program Files\\Mozilla Firefox\\firefox.exe" "--marionette" "--remote-debugging-port" "56926" "-no-remote" "-profile" "C:\\Users\\user\\AppData\\Local\\Temp\\rust_mozprofilevLsuPp"
1655286832593	Marionette	INFO	Marionette enabled
console.error: Region.jsm: "Error fetching region" (new Error("TIMEOUT", "resource://gre/modules/Region.jsm", 772))
console.error: Region.jsm: "Failed to fetch region" (new Error("TIMEOUT", "resource://gre/modules/Region.jsm", 419))
console.warn: SearchSettings: "get: No settings file exists, new profile?" (new NotFoundError("Could not open the file at C:\\Users\\user\\AppData\\Local\\Temp\\rust_mozprofilevLsuPp\\search.json.mozlz4", (void 0)))
DevTools listening on ws://localhost:56926/devtools/browser/52868c2f-77ab-4953-bb03-36b564dc8506
1655286857719	Marionette	INFO	Listening on port 56931
1655286858028	RemoteAgent	WARN	TLS certificate errors will be ignored for this session
JavaScript error: https://lngtd.com/nerdlegame.js, line 1: TypeError: i is not a function
JavaScript error: , line 0: TypeError: NetworkError when attempting to fetch resource.
1655286898327	Marionette	INFO	Stopped listening on port 56931
console.warn: TopSitesFeed: Failed to fetch data from Contile server: NetworkError when attempting to fetch resource.
JavaScript error: chrome://remote/content/marionette/cert.js, line 55: NS_ERROR_NOT_AVAILABLE: Component returned failure code: 0x80040111 (NS_ERROR_NOT_AVAILABLE) [nsICertOverrideService.setDisableAllSecurityChecksAndLetAttackersInterceptMyData]
1655287191394	geckodriver	INFO	Listening on 127.0.0.1:57056
1655287194571	mozrunner::runner	INFO	Running command: "C:\\Program Files\\Mozilla Firefox\\firefox.exe" "--marionette" "--remote-debugging-port" "57057" "-no-remote" "-profile" "C:\\Users\\user\\AppData\\Local\\Temp\\rust_mozprofileldK3QY"
1655287197564	Marionette	INFO	Marionette enabled
console.warn: SearchSettings: "get: No settings file exists, new profile?" (new NotFoundError("Could not open the file at C:\\Users\\user\\AppData\\Local\\Temp\\rust_mozprofileldK3QY\\search.json.mozlz4", (void 0)))
DevTools listening on ws://localhost:57057/devtools/browser/d34e037d-b8a9-4c29-8516-96d8efec585d
1655287202508	Marionette	INFO	Listening on port 57063
1655287202988	RemoteAgent	WARN	TLS certificate errors will be ignored for this session
JavaScript error: https://lngtd.com/nerdlegame.js, line 1: TypeError: i is not a function
JavaScript error: , line 0: TypeError: NetworkError when attempting to fetch resource.
1655287275759	geckodriver	INFO	Listening on 127.0.0.1:57135
1655287278718	mozrunner::runner	INFO	Running command: "C:\\Program Files\\Mozilla Firefox\\firefox.exe" "--marionette" "--remote-debugging-port" "57136" "-no-remote" "-profile" "C:\\Users\\user\\AppData\\Local\\Temp\\rust_mozprofiledgiKRP"
1655287285242	Marionette	INFO	Marionette enabled
console.error: Region.jsm: "Error fetching region" (new Error("TIMEOUT", "resource://gre/modules/Region.jsm", 772))
console.error: Region.jsm: "Failed to fetch region" (new Error("TIMEOUT", "resource://gre/modules/Region.jsm", 419))
console.warn: SearchSettings: "get: No settings file exists, new profile?" (new NotFoundError("Could not open the file at C:\\Users\\user\\AppData\\Local\\Temp\\rust_mozprofiledgiKRP\\search.json.mozlz4", (void 0)))
DevTools listening on ws://localhost:57136/devtools/browser/a25366ee-62a5-4203-a723-8cdec8b8019e
1655287311884	Marionette	INFO	Listening on port 57141
1655287312262	RemoteAgent	WARN	TLS certificate errors will be ignored for this session
JavaScript error: https://lngtd.com/nerdlegame.js, line 1: TypeError: i is not a function
JavaScript error: , line 0: TypeError: NetworkError when attempting to fetch resource.
1655287397589	geckodriver	INFO	Listening on 127.0.0.1:55302
1655287424397	mozrunner::runner	INFO	Running command: "C:\\Program Files\\Mozilla Firefox\\firefox.exe" "--marionette" "--remote-debugging-port" "55303" "-no-remote" "-profile" "C:\\Users\\user\\AppData\\Local\\Temp\\rust_mozprofileFKBoE3"
1655287457114	Marionette	INFO	Marionette enabled
console.error: Region.jsm: "Error fetching region" (new Error("TIMEOUT", "resource://gre/modules/Region.jsm", 772))
console.error: Region.jsm: "Failed to fetch region" (new Error("TIMEOUT", "resource://gre/modules/Region.jsm", 419))
console.warn: SearchSettings: "get: No settings file exists, new profile?" (new NotFoundError("Could not open the file at C:\\Users\\user\\AppData\\Local\\Temp\\rust_mozprofileFKBoE3\\search.json.mozlz4", (void 0)))
DevTools listening on ws://localhost:55303/devtools/browser/187640dc-51e5-4bac-bc6f-a6e99a897c74
1655287476378	Marionette	INFO	Listening on port 55310
1655287476741	RemoteAgent	WARN	TLS certificate errors will be ignored for this session
JavaScript error: https://lngtd.com/nerdlegame.js, line 1: TypeError: i is not a function
JavaScript error: , line 0: TypeError: NetworkError when attempting to fetch resource.
1655287619542	geckodriver	INFO	Listening on 127.0.0.1:55395
1655287622532	mozrunner::runner	INFO	Running command: "C:\\Program Files\\Mozilla Firefox\\firefox.exe" "--marionette" "--remote-debugging-port" "55396" "-no-remote" "-profile" "C:\\Users\\user\\AppData\\Local\\Temp\\rust_mozprofileIdTcpW"
1655287623374	Marionette	INFO	Marionette enabled
console.warn: SearchSettings: "get: No settings file exists, new profile?" (new NotFoundError("Could not open the file at C:\\Users\\user\\AppData\\Local\\Temp\\rust_mozprofileIdTcpW\\search.json.mozlz4", (void 0)))
console.error: Region.jsm: "Error fetching region" (new AbortError("The operation was aborted. ", (void 0), 770))
console.error: Region.jsm: "Failed to fetch region" (new Error("NO_RESULT", "resource://gre/modules/Region.jsm", 419))
DevTools listening on ws://localhost:55396/devtools/browser/b57dae73-c06f-4478-8d2f-b24dfe547dc9
1655287633710	Marionette	INFO	Listening on port 55402
1655287633960	RemoteAgent	WARN	TLS certificate errors will be ignored for this session
JavaScript error: , line 0: TypeError: NetworkError when attempting to fetch resource.
JavaScript error: https://lngtd.com/nerdlegame.js, line 1: TypeError: i is not a function
JavaScript warning: https://www.codegrepper.com/code-examples/typescript/selenium+get+all+child+elements+python, line 2598: unreachable code after return statement
JavaScript warning: https://www.codegrepper.com/code-examples/typescript/selenium+get+all+child+elements+python, line 2607: unreachable code after return statement
JavaScript error: https://eus.rubiconproject.com/usync.js, line 4: SecurityError: The operation is insecure.
JavaScript warning: https://pagead2.googlesyndication.com/bg/4d97hOvYbNPTRads-oYzVyXo1KzAmhlYxcafsBn6tZM.js line 2 > eval line 2067 > eval line 1 > eval line 1 > eval, line 1: WEBGL_debug_renderer_info is deprecated in Firefox and will be removed. Please use RENDERER.
console.warn: LoginRecipes: "getRecipes: falling back to a synchronous message for:" "https://www.google.com"
1655288026382	Marionette	WARN	Ignoring event 'pageshow' because document has an invalid readyState of 'uninitialized'.
1655288026440	Marionette	WARN	Ignoring event 'pageshow' because document has an invalid readyState of 'uninitialized'.
1655288026718	Marionette	WARN	Ignoring event 'pageshow' because document has an invalid readyState of 'uninitialized'.
1655288026730	Marionette	WARN	Ignoring event 'pageshow' because document has an invalid readyState of 'uninitialized'.
JavaScript warning: https://pagead2.googlesyndication.com/bg/4d97hOvYbNPTRads-oYzVyXo1KzAmhlYxcafsBn6tZM.js line 2 > eval line 7727 > eval line 1 > eval line 1 > eval, line 1: WEBGL_debug_renderer_info is deprecated in Firefox and will be removed. Please use RENDERER.
JavaScript warning: https://pagead2.googlesyndication.com/bg/4d97hOvYbNPTRads-oYzVyXo1KzAmhlYxcafsBn6tZM.js line 2 > eval line 4273 > eval line 1 > eval line 1 > eval, line 1: WEBGL_debug_renderer_info is deprecated in Firefox and will be removed. Please use RENDERER.
JavaScript error: , line 0: uncaught exception: 7
JavaScript error: , line 0: AbortError: The fetching process for the media resource was aborted by the user agent at the user's request.
JavaScript error: , line 0: TypeError: NetworkError when attempting to fetch resource.
JavaScript error: , line 0: TypeError: NetworkError when attempting to fetch resource.
JavaScript error: , line 0: TypeError: NetworkError when attempting to fetch resource.
JavaScript error: , line 0: TypeError: NetworkError when attempting to fetch resource.
JavaScript error: , line 0: TypeError: NetworkError when attempting to fetch resource.
JavaScript warning: https://pagead2.googlesyndication.com/bg/4d97hOvYbNPTRads-oYzVyXo1KzAmhlYxcafsBn6tZM.js line 2 > eval line 7513 > eval line 1 > eval line 1 > eval, line 1: WEBGL_debug_renderer_info is deprecated in Firefox and will be removed. Please use RENDERER.
1655291985651	geckodriver	INFO	Listening on 127.0.0.1:63078
1655291988828	mozrunner::runner	INFO	Running command: "C:\\Program Files\\Mozilla Firefox\\firefox.exe" "--marionette" "--remote-debugging-port" "63079" "-no-remote" "-profile" "C:\\Users\\user\\AppData\\Local\\Temp\\rust_mozprofile6nPzRC"
1655292022949	Marionette	INFO	Marionette enabled
1655292193384	geckodriver	INFO	Listening on 127.0.0.1:63129
1655292197333	mozrunner::runner	INFO	Running command: "C:\\Program Files\\Mozilla Firefox\\firefox.exe" "--marionette" "--remote-debugging-port" "63130" "-no-remote" "-profile" "C:\\Users\\user\\AppData\\Local\\Temp\\rust_mozprofiles2QUxs"
1655292203394	Marionette	INFO	Marionette enabled
1655292269052	geckodriver	INFO	Listening on 127.0.0.1:63151
1655292272472	mozrunner::runner	INFO	Running command: "C:\\Program Files\\Mozilla Firefox\\firefox.exe" "--marionette" "--remote-debugging-port" "63152" "-no-remote" "-profile" "C:\\Users\\user\\AppData\\Local\\Temp\\rust_mozprofilebnURPq"
1655292298741	Marionette	INFO	Marionette enabled
1655292455255	geckodriver	INFO	Listening on 127.0.0.1:63193
1655292459207	mozrunner::runner	INFO	Running command: "C:\\Program Files\\Mozilla Firefox\\firefox.exe" "--marionette" "--remote-debugging-port" "63194" "-no-remote" "-profile" "C:\\Users\\user\\AppData\\Local\\Temp\\rust_mozprofileGUO2DB"
1655292465226	Marionette	INFO	Marionette enabled
1655292610574	geckodriver	INFO	Listening on 127.0.0.1:63243
1655292614762	mozrunner::runner	INFO	Running command: "C:\\Program Files\\Mozilla Firefox\\firefox.exe" "--marionette" "--remote-debugging-port" "63244" "-no-remote" "-profile" "C:\\Users\\user\\AppData\\Local\\Temp\\rust_mozprofile785hQD"
1655292673221	Marionette	INFO	Marionette enabled
1655295199418	geckodriver	INFO	Listening on 127.0.0.1:49629
1655295202452	mozrunner::runner	INFO	Running command: "C:\\Program Files\\Mozilla Firefox\\firefox.exe" "--marionette" "--remote-debugging-port" "49630" "-no-remote" "-profile" "C:\\Users\\user\\AppData\\Local\\Temp\\rust_mozprofileDZhzHS"
1655295204701	Marionette	INFO	Marionette enabled
console.warn: SearchSettings: "get: No settings file exists, new profile?" (new NotFoundError("Could not open the file at C:\\Users\\user\\AppData\\Local\\Temp\\rust_mozprofileDZhzHS\\search.json.mozlz4", (void 0)))
DevTools listening on ws://localhost:49630/devtools/browser/cf9983ca-fb3f-4de3-bf61-39afdb14d58f
1655295210700	Marionette	INFO	Listening on port 49635
1655295211051	RemoteAgent	WARN	TLS certificate errors will be ignored for this session
JavaScript error: , line 0: TypeError: NetworkError when attempting to fetch resource.
JavaScript error: https://lngtd.com/nerdlegame.js, line 1: TypeError: i is not a function
1655295261922	geckodriver	INFO	Listening on 127.0.0.1:49705
1655295264943	mozrunner::runner	INFO	Running command: "C:\\Program Files\\Mozilla Firefox\\firefox.exe" "--marionette" "--remote-debugging-port" "49706" "-no-remote" "-profile" "C:\\Users\\user\\AppData\\Local\\Temp\\rust_mozprofileRdiwT4"
1655295266415	Marionette	INFO	Marionette enabled
console.warn: SearchSettings: "get: No settings file exists, new profile?" (new NotFoundError("Could not open the file at C:\\Users\\user\\AppData\\Local\\Temp\\rust_mozprofileRdiwT4\\search.json.mozlz4", (void 0)))
DevTools listening on ws://localhost:49706/devtools/browser/f32749a1-67e0-4d19-9aba-406bbc577bbf
1655295268823	Marionette	INFO	Listening on port 49711
1655295269128	RemoteAgent	WARN	TLS certificate errors will be ignored for this session
JavaScript error: , line 0: TypeError: NetworkError when attempting to fetch resource.
JavaScript error: https://lngtd.com/nerdlegame.js, line 1: TypeError: i is not a function
1655295507952	geckodriver	INFO	Listening on 127.0.0.1:49791
1655295510969	mozrunner::runner	INFO	Running command: "C:\\Program Files\\Mozilla Firefox\\firefox.exe" "--marionette" "--remote-debugging-port" "49792" "-no-remote" "-profile" "C:\\Users\\user\\AppData\\Local\\Temp\\rust_mozprofilen5kfzD"
1655295511286	Marionette	INFO	Marionette enabled
console.warn: SearchSettings: "get: No settings file exists, new profile?" (new NotFoundError("Could not open the file at C:\\Users\\user\\AppData\\Local\\Temp\\rust_mozprofilen5kfzD\\search.json.mozlz4", (void 0)))
DevTools listening on ws://localhost:49792/devtools/browser/5e1810bf-5a59-4d06-a6e5-da7a08d2ccdd
1655295513463	Marionette	INFO	Listening on port 49797
1655295513646	RemoteAgent	WARN	TLS certificate errors will be ignored for this session
JavaScript error: , line 0: TypeError: NetworkError when attempting to fetch resource.
JavaScript error: https://lngtd.com/nerdlegame.js, line 1: TypeError: i is not a function
1655295532704	geckodriver	INFO	Listening on 127.0.0.1:49857
1655295535722	mozrunner::runner	INFO	Running command: "C:\\Program Files\\Mozilla Firefox\\firefox.exe" "--marionette" "--remote-debugging-port" "49858" "-no-remote" "-profile" "C:\\Users\\user\\AppData\\Local\\Temp\\rust_mozprofileiKuzFR"
1655295536102	Marionette	INFO	Marionette enabled
console.warn: SearchSettings: "get: No settings file exists, new profile?" (new NotFoundError("Could not open the file at C:\\Users\\user\\AppData\\Local\\Temp\\rust_mozprofileiKuzFR\\search.json.mozlz4", (void 0)))
DevTools listening on ws://localhost:49858/devtools/browser/776f7393-33b6-4fbe-981e-7f8f7458c3e3
1655295538300	Marionette	INFO	Listening on port 49863
1655295538386	RemoteAgent	WARN	TLS certificate errors will be ignored for this session
JavaScript error: , line 0: TypeError: NetworkError when attempting to fetch resource.
JavaScript error: https://lngtd.com/nerdlegame.js, line 1: TypeError: i is not a function
1655295636385	geckodriver	INFO	Listening on 127.0.0.1:49925
1655295639431	mozrunner::runner	INFO	Running command: "C:\\Program Files\\Mozilla Firefox\\firefox.exe" "--marionette" "--remote-debugging-port" "49926" "-no-remote" "-profile" "C:\\Users\\user\\AppData\\Local\\Temp\\rust_mozprofileW8zK5I"
1655295639743	Marionette	INFO	Marionette enabled
console.warn: SearchSettings: "get: No settings file exists, new profile?" (new NotFoundError("Could not open the file at C:\\Users\\user\\AppData\\Local\\Temp\\rust_mozprofileW8zK5I\\search.json.mozlz4", (void 0)))
DevTools listening on ws://localhost:49926/devtools/browser/3316a70e-7d3a-4382-9797-839d2b600b07
1655295641976	Marionette	INFO	Listening on port 49931
1655295642087	RemoteAgent	WARN	TLS certificate errors will be ignored for this session
JavaScript error: , line 0: TypeError: NetworkError when attempting to fetch resource.
JavaScript error: https://lngtd.com/nerdlegame.js, line 1: TypeError: i is not a function
1655295693103	geckodriver	INFO	Listening on 127.0.0.1:49990
1655295696097	mozrunner::runner	INFO	Running command: "C:\\Program Files\\Mozilla Firefox\\firefox.exe" "--marionette" "--remote-debugging-port" "49991" "-no-remote" "-profile" "C:\\Users\\user\\AppData\\Local\\Temp\\rust_mozprofilers5cfm"
1655295696438	Marionette	INFO	Marionette enabled
console.warn: SearchSettings: "get: No settings file exists, new profile?" (new NotFoundError("Could not open the file at C:\\Users\\user\\AppData\\Local\\Temp\\rust_mozprofilers5cfm\\search.json.mozlz4", (void 0)))
DevTools listening on ws://localhost:49991/devtools/browser/5f5c9d65-acff-4011-99a8-89cfc05fb092
1655295698961	Marionette	INFO	Listening on port 49996
1655295699250	RemoteAgent	WARN	TLS certificate errors will be ignored for this session
JavaScript error: , line 0: TypeError: NetworkError when attempting to fetch resource.
JavaScript error: https://lngtd.com/nerdlegame.js, line 1: TypeError: i is not a function
1655295772976	geckodriver	INFO	Listening on 127.0.0.1:50072
1655295775952	mozrunner::runner	INFO	Running command: "C:\\Program Files\\Mozilla Firefox\\firefox.exe" "--marionette" "--remote-debugging-port" "50073" "-no-remote" "-profile" "C:\\Users\\user\\AppData\\Local\\Temp\\rust_mozprofile7C952E"
1655295776262	Marionette	INFO	Marionette enabled
console.warn: SearchSettings: "get: No settings file exists, new profile?" (new NotFoundError("Could not open the file at C:\\Users\\user\\AppData\\Local\\Temp\\rust_mozprofile7C952E\\search.json.mozlz4", (void 0)))
DevTools listening on ws://localhost:50073/devtools/browser/90e0b865-375e-4668-bdda-80f5691e53ab
1655295779001	Marionette	INFO	Listening on port 50088
1655295779105	RemoteAgent	WARN	TLS certificate errors will be ignored for this session
JavaScript error: , line 0: TypeError: NetworkError when attempting to fetch resource.
JavaScript error: https://lngtd.com/nerdlegame.js, line 1: TypeError: i is not a function
1655295794156	Marionette	INFO	Stopped listening on port 50088
console.warn: TopSitesFeed: Failed to fetch data from Contile server: NetworkError when attempting to fetch resource.
JavaScript error: chrome://remote/content/marionette/cert.js, line 55: NS_ERROR_NOT_AVAILABLE: Component returned failure code: 0x80040111 (NS_ERROR_NOT_AVAILABLE) [nsICertOverrideService.setDisableAllSecurityChecksAndLetAttackersInterceptMyData]

###!!! [Parent][PGPUParent] Error: RunMessage(msgname=PGPU::Msg_ShutdownVR) Channel closing: too late to send/recv, messages will be lost

1655295926419	geckodriver	INFO	Listening on 127.0.0.1:50196
1655295929424	mozrunner::runner	INFO	Running command: "C:\\Program Files\\Mozilla Firefox\\firefox.exe" "--marionette" "--remote-debugging-port" "50197" "-no-remote" "-profile" "C:\\Users\\user\\AppData\\Local\\Temp\\rust_mozprofileHiZNKe"
1655295929744	Marionette	INFO	Marionette enabled
console.warn: SearchSettings: "get: No settings file exists, new profile?" (new NotFoundError("Could not open the file at C:\\Users\\user\\AppData\\Local\\Temp\\rust_mozprofileHiZNKe\\search.json.mozlz4", (void 0)))
DevTools listening on ws://localhost:50197/devtools/browser/d323ab4b-629f-4399-9fcc-489b07deaae3
1655295932067	Marionette	INFO	Listening on port 50202
1655295932597	RemoteAgent	WARN	TLS certificate errors will be ignored for this session
JavaScript error: , line 0: TypeError: NetworkError when attempting to fetch resource.
JavaScript error: https://lngtd.com/nerdlegame.js, line 1: TypeError: i is not a function
1655296107427	geckodriver	INFO	Listening on 127.0.0.1:50268
1655296110424	mozrunner::runner	INFO	Running command: "C:\\Program Files\\Mozilla Firefox\\firefox.exe" "--marionette" "--remote-debugging-port" "50269" "-no-remote" "-profile" "C:\\Users\\user\\AppData\\Local\\Temp\\rust_mozprofilesDbfBI"
1655296110739	Marionette	INFO	Marionette enabled
console.warn: SearchSettings: "get: No settings file exists, new profile?" (new NotFoundError("Could not open the file at C:\\Users\\user\\AppData\\Local\\Temp\\rust_mozprofilesDbfBI\\search.json.mozlz4", (void 0)))
DevTools listening on ws://localhost:50269/devtools/browser/d5b41eda-1b8f-4d4b-9558-d152b0f11ab8
1655296113011	Marionette	INFO	Listening on port 50274
1655296113095	RemoteAgent	WARN	TLS certificate errors will be ignored for this session
JavaScript error: , line 0: TypeError: NetworkError when attempting to fetch resource.
JavaScript error: https://lngtd.com/nerdlegame.js, line 1: TypeError: i is not a function
1655296420157	geckodriver	INFO	Listening on 127.0.0.1:50349
1655296423154	mozrunner::runner	INFO	Running command: "C:\\Program Files\\Mozilla Firefox\\firefox.exe" "--marionette" "--remote-debugging-port" "50350" "-no-remote" "-profile" "C:\\Users\\user\\AppData\\Local\\Temp\\rust_mozprofilexxQiaK"
1655296423490	Marionette	INFO	Marionette enabled
console.warn: SearchSettings: "get: No settings file exists, new profile?" (new NotFoundError("Could not open the file at C:\\Users\\user\\AppData\\Local\\Temp\\rust_mozprofilexxQiaK\\search.json.mozlz4", (void 0)))
DevTools listening on ws://localhost:50350/devtools/browser/c5405979-2bf0-4499-af05-2e6e1700687f
1655296425848	Marionette	INFO	Listening on port 50355
1655296426353	RemoteAgent	WARN	TLS certificate errors will be ignored for this session
JavaScript error: , line 0: TypeError: NetworkError when attempting to fetch resource.
JavaScript error: https://lngtd.com/nerdlegame.js, line 1: TypeError: i is not a function
1655296707961	geckodriver	INFO	Listening on 127.0.0.1:50424
1655296710956	mozrunner::runner	INFO	Running command: "C:\\Program Files\\Mozilla Firefox\\firefox.exe" "--marionette" "--remote-debugging-port" "50425" "-no-remote" "-profile" "C:\\Users\\user\\AppData\\Local\\Temp\\rust_mozprofiletgbOeZ"
1655296711313	Marionette	INFO	Marionette enabled
console.warn: SearchSettings: "get: No settings file exists, new profile?" (new NotFoundError("Could not open the file at C:\\Users\\user\\AppData\\Local\\Temp\\rust_mozprofiletgbOeZ\\search.json.mozlz4", (void 0)))
DevTools listening on ws://localhost:50425/devtools/browser/e1ee3adb-da35-4866-8174-b929ce8f2cd3
1655296713790	Marionette	INFO	Listening on port 50430
1655296714141	RemoteAgent	WARN	TLS certificate errors will be ignored for this session
JavaScript error: , line 0: TypeError: NetworkError when attempting to fetch resource.
JavaScript error: https://lngtd.com/nerdlegame.js, line 1: TypeError: i is not a function
1655296951006	Marionette	WARN	TimedPromise timed out after 500 ms: stacktrace:
TimedPromise/<@chrome://remote/content/marionette/sync.js:235:19
TimedPromise@chrome://remote/content/marionette/sync.js:220:10
interaction.flushEventLoop@chrome://remote/content/marionette/interaction.js:431:10
webdriverClickElement@chrome://remote/content/marionette/interaction.js:179:31
1655297060597	geckodriver	INFO	Listening on 127.0.0.1:50552
1655297091802	geckodriver	INFO	Listening on 127.0.0.1:50562
1655297094829	mozrunner::runner	INFO	Running command: "C:\\Program Files\\Mozilla Firefox\\firefox.exe" "--marionette" "--remote-debugging-port" "50563" "-no-remote" "-profile" "C:\\Users\\user\\AppData\\Local\\Temp\\rust_mozprofile9fp9R8"
1655297095214	Marionette	INFO	Marionette enabled
console.warn: SearchSettings: "get: No settings file exists, new profile?" (new NotFoundError("Could not open the file at C:\\Users\\user\\AppData\\Local\\Temp\\rust_mozprofile9fp9R8\\search.json.mozlz4", (void 0)))
DevTools listening on ws://localhost:50563/devtools/browser/233d53ad-fd63-43a3-8db4-645bb448cafa
1655297097494	Marionette	INFO	Listening on port 50568
1655297097546	RemoteAgent	WARN	TLS certificate errors will be ignored for this session
JavaScript error: , line 0: TypeError: NetworkError when attempting to fetch resource.
JavaScript error: https://lngtd.com/nerdlegame.js, line 1: TypeError: i is not a function
1655297123500	geckodriver	INFO	Listening on 127.0.0.1:50630
1655297126824	mozrunner::runner	INFO	Running command: "C:\\Program Files\\Mozilla Firefox\\firefox.exe" "--marionette" "--remote-debugging-port" "50631" "-no-remote" "-profile" "C:\\Users\\user\\AppData\\Local\\Temp\\rust_mozprofilejoOPcr"
1655297127125	Marionette	INFO	Marionette enabled
console.warn: SearchSettings: "get: No settings file exists, new profile?" (new NotFoundError("Could not open the file at C:\\Users\\user\\AppData\\Local\\Temp\\rust_mozprofilejoOPcr\\search.json.mozlz4", (void 0)))
DevTools listening on ws://localhost:50631/devtools/browser/27c16d26-0b28-44fb-91cd-7d1ce00b306a
1655297129658	Marionette	INFO	Listening on port 50636
1655297129981	RemoteAgent	WARN	TLS certificate errors will be ignored for this session
JavaScript error: , line 0: TypeError: NetworkError when attempting to fetch resource.
JavaScript error: https://lngtd.com/nerdlegame.js, line 1: TypeError: i is not a function
1655297373007	geckodriver	INFO	Listening on 127.0.0.1:50815
1655297376032	mozrunner::runner	INFO	Running command: "C:\\Program Files\\Mozilla Firefox\\firefox.exe" "--marionette" "--remote-debugging-port" "50816" "-no-remote" "-profile" "C:\\Users\\user\\AppData\\Local\\Temp\\rust_mozprofileezCbmC"
1655297376431	Marionette	INFO	Marionette enabled
console.warn: SearchSettings: "get: No settings file exists, new profile?" (new NotFoundError("Could not open the file at C:\\Users\\user\\AppData\\Local\\Temp\\rust_mozprofileezCbmC\\search.json.mozlz4", (void 0)))
DevTools listening on ws://localhost:50816/devtools/browser/57d98ddb-b146-4707-ba71-b5f83acc6dd0
1655297378932	Marionette	INFO	Listening on port 50823
1655297379196	RemoteAgent	WARN	TLS certificate errors will be ignored for this session
JavaScript error: , line 0: TypeError: NetworkError when attempting to fetch resource.
JavaScript error: https://lngtd.com/nerdlegame.js, line 1: TypeError: i is not a function
1655297396330	Marionette	INFO	Stopped listening on port 50823
console.warn: TopSitesFeed: Failed to fetch data from Contile server: NetworkError when attempting to fetch resource.
JavaScript error: chrome://remote/content/marionette/cert.js, line 55: NS_ERROR_NOT_AVAILABLE: Component returned failure code: 0x80040111 (NS_ERROR_NOT_AVAILABLE) [nsICertOverrideService.setDisableAllSecurityChecksAndLetAttackersInterceptMyData]

###!!! [Parent][PGPUParent] Error: RunMessage(msgname=PGPU::Msg_ShutdownVR) Channel closing: too late to send/recv, messages will be lost

1655297493882	geckodriver	INFO	Listening on 127.0.0.1:50945
1655297496808	mozrunner::runner	INFO	Running command: "C:\\Program Files\\Mozilla Firefox\\firefox.exe" "--marionette" "--remote-debugging-port" "50946" "-no-remote" "-profile" "C:\\Users\\user\\AppData\\Local\\Temp\\rust_mozprofilev16Oiq"
1655297497167	Marionette	INFO	Marionette enabled
console.warn: SearchSettings: "get: No settings file exists, new profile?" (new NotFoundError("Could not open the file at C:\\Users\\user\\AppData\\Local\\Temp\\rust_mozprofilev16Oiq\\search.json.mozlz4", (void 0)))
DevTools listening on ws://localhost:50946/devtools/browser/367a0b64-4423-41ae-af90-eaee67991f14
1655297499636	Marionette	INFO	Listening on port 50952
1655297499966	RemoteAgent	WARN	TLS certificate errors will be ignored for this session
JavaScript error: , line 0: TypeError: NetworkError when attempting to fetch resource.
JavaScript error: https://lngtd.com/nerdlegame.js, line 1: TypeError: i is not a function
1655297524102	geckodriver	INFO	Listening on 127.0.0.1:51027
1655297527109	mozrunner::runner	INFO	Running command: "C:\\Program Files\\Mozilla Firefox\\firefox.exe" "--marionette" "--remote-debugging-port" "51028" "-no-remote" "-profile" "C:\\Users\\user\\AppData\\Local\\Temp\\rust_mozprofileoXhT71"
1655297527431	Marionette	INFO	Marionette enabled
console.warn: SearchSettings: "get: No settings file exists, new profile?" (new NotFoundError("Could not open the file at C:\\Users\\user\\AppData\\Local\\Temp\\rust_mozprofileoXhT71\\search.json.mozlz4", (void 0)))
DevTools listening on ws://localhost:51028/devtools/browser/615fb516-1897-4f7b-a770-174a1c72f1c9
1655297529919	Marionette	INFO	Listening on port 51035
1655297530280	RemoteAgent	WARN	TLS certificate errors will be ignored for this session
JavaScript error: , line 0: TypeError: NetworkError when attempting to fetch resource.
JavaScript error: https://lngtd.com/nerdlegame.js, line 1: TypeError: i is not a function
1655297585215	geckodriver	INFO	Listening on 127.0.0.1:51132
1655297588219	mozrunner::runner	INFO	Running command: "C:\\Program Files\\Mozilla Firefox\\firefox.exe" "--marionette" "--remote-debugging-port" "51133" "-no-remote" "-profile" "C:\\Users\\user\\AppData\\Local\\Temp\\rust_mozprofileOtaSou"
1655297588636	Marionette	INFO	Marionette enabled
console.warn: SearchSettings: "get: No settings file exists, new profile?" (new NotFoundError("Could not open the file at C:\\Users\\user\\AppData\\Local\\Temp\\rust_mozprofileOtaSou\\search.json.mozlz4", (void 0)))
DevTools listening on ws://localhost:51133/devtools/browser/68bf9399-aacc-4ab5-9040-79d3ef257b8e
1655297593569	Marionette	INFO	Listening on port 51140
1655297594035	RemoteAgent	WARN	TLS certificate errors will be ignored for this session
JavaScript error: https://lngtd.com/nerdlegame.js, line 1: TypeError: i is not a function
JavaScript error: , line 0: TypeError: NetworkError when attempting to fetch resource.
1655297656085	geckodriver	INFO	Listening on 127.0.0.1:51233
1655297659094	mozrunner::runner	INFO	Running command: "C:\\Program Files\\Mozilla Firefox\\firefox.exe" "--marionette" "--remote-debugging-port" "51234" "-no-remote" "-profile" "C:\\Users\\user\\AppData\\Local\\Temp\\rust_mozprofileJLsoRK"
1655297659438	Marionette	INFO	Marionette enabled
console.warn: SearchSettings: "get: No settings file exists, new profile?" (new NotFoundError("Could not open the file at C:\\Users\\user\\AppData\\Local\\Temp\\rust_mozprofileJLsoRK\\search.json.mozlz4", (void 0)))
DevTools listening on ws://localhost:51234/devtools/browser/65d62cfd-d15a-4249-944d-6b771d43e93a
1655297661748	Marionette	INFO	Listening on port 51240
1655297662283	RemoteAgent	WARN	TLS certificate errors will be ignored for this session
JavaScript error: , line 0: TypeError: NetworkError when attempting to fetch resource.
JavaScript error: https://lngtd.com/nerdlegame.js, line 1: TypeError: i is not a function
1655298802911	geckodriver	INFO	Listening on 127.0.0.1:51861
1655298805920	mozrunner::runner	INFO	Running command: "C:\\Program Files\\Mozilla Firefox\\firefox.exe" "--marionette" "--remote-debugging-port" "51862" "-no-remote" "-profile" "C:\\Users\\user\\AppData\\Local\\Temp\\rust_mozprofilez147kg"
1655298806245	Marionette	INFO	Marionette enabled
console.warn: SearchSettings: "get: No settings file exists, new profile?" (new NotFoundError("Could not open the file at C:\\Users\\user\\AppData\\Local\\Temp\\rust_mozprofilez147kg\\search.json.mozlz4", (void 0)))
DevTools listening on ws://localhost:51862/devtools/browser/e11567eb-c3dc-485c-a02b-2a3987705d73
1655298808974	Marionette	INFO	Listening on port 51868
1655298809071	RemoteAgent	WARN	TLS certificate errors will be ignored for this session
JavaScript error: , line 0: TypeError: NetworkError when attempting to fetch resource.
JavaScript error: https://lngtd.com/nerdlegame.js, line 1: TypeError: i is not a function
1655298950676	geckodriver	INFO	Listening on 127.0.0.1:51997
1655298953956	mozrunner::runner	INFO	Running command: "C:\\Program Files\\Mozilla Firefox\\firefox.exe" "--marionette" "--remote-debugging-port" "51998" "-no-remote" "-profile" "C:\\Users\\user\\AppData\\Local\\Temp\\rust_mozprofileAaWtdK"
1655298954292	Marionette	INFO	Marionette enabled
console.warn: SearchSettings: "get: No settings file exists, new profile?" (new NotFoundError("Could not open the file at C:\\Users\\user\\AppData\\Local\\Temp\\rust_mozprofileAaWtdK\\search.json.mozlz4", (void 0)))
DevTools listening on ws://localhost:51998/devtools/browser/1694adc3-4ce4-4990-a2c3-38f88f2b8abb
1655298956704	Marionette	INFO	Listening on port 52004
1655298957131	RemoteAgent	WARN	TLS certificate errors will be ignored for this session
JavaScript error: , line 0: TypeError: NetworkError when attempting to fetch resource.
JavaScript error: https://lngtd.com/nerdlegame.js, line 1: TypeError: i is not a function
1655299134079	Marionette	INFO	Stopped listening on port 52004
console.warn: TopSitesFeed: Failed to fetch data from Contile server: NetworkError when attempting to fetch resource.
JavaScript error: chrome://remote/content/marionette/cert.js, line 55: NS_ERROR_NOT_AVAILABLE: Component returned failure code: 0x80040111 (NS_ERROR_NOT_AVAILABLE) [nsICertOverrideService.setDisableAllSecurityChecksAndLetAttackersInterceptMyData]

###!!! [Parent][PGPUParent] Error: RunMessage(msgname=PGPU::Msg_ShutdownVR) Channel closing: too late to send/recv, messages will be lost

1655299137902	geckodriver	INFO	Listening on 127.0.0.1:52162
1655299140846	mozrunner::runner	INFO	Running command: "C:\\Program Files\\Mozilla Firefox\\firefox.exe" "--marionette" "--remote-debugging-port" "52163" "-no-remote" "-profile" "C:\\Users\\user\\AppData\\Local\\Temp\\rust_mozprofileNRqh6C"
1655299141431	Marionette	INFO	Marionette enabled
console.warn: SearchSettings: "get: No settings file exists, new profile?" (new NotFoundError("Could not open the file at C:\\Users\\user\\AppData\\Local\\Temp\\rust_mozprofileNRqh6C\\search.json.mozlz4", (void 0)))
DevTools listening on ws://localhost:52163/devtools/browser/d86ac345-100a-4cf9-9e7a-f1df1d4f4975
1655299143544	Marionette	INFO	Listening on port 52168
1655299144010	RemoteAgent	WARN	TLS certificate errors will be ignored for this session
JavaScript error: , line 0: TypeError: NetworkError when attempting to fetch resource.
JavaScript error: https://lngtd.com/nerdlegame.js, line 1: TypeError: i is not a function
1655299214562	geckodriver	INFO	Listening on 127.0.0.1:52232
1655299217562	mozrunner::runner	INFO	Running command: "C:\\Program Files\\Mozilla Firefox\\firefox.exe" "--marionette" "--remote-debugging-port" "52233" "-no-remote" "-profile" "C:\\Users\\user\\AppData\\Local\\Temp\\rust_mozprofile33o4zS"
1655299217863	Marionette	INFO	Marionette enabled
console.warn: SearchSettings: "get: No settings file exists, new profile?" (new NotFoundError("Could not open the file at C:\\Users\\user\\AppData\\Local\\Temp\\rust_mozprofile33o4zS\\search.json.mozlz4", (void 0)))
DevTools listening on ws://localhost:52233/devtools/browser/745019f1-45b2-49f0-a245-136d0f6ddeb6
1655299220962	Marionette	INFO	Listening on port 52238
1655299221254	RemoteAgent	WARN	TLS certificate errors will be ignored for this session
JavaScript error: , line 0: TypeError: NetworkError when attempting to fetch resource.
JavaScript error: https://lngtd.com/nerdlegame.js, line 1: TypeError: i is not a function
1655300175765	geckodriver	INFO	Listening on 127.0.0.1:52365
1655300178809	mozrunner::runner	INFO	Running command: "C:\\Program Files\\Mozilla Firefox\\firefox.exe" "--marionette" "--remote-debugging-port" "52366" "-no-remote" "-profile" "C:\\Users\\user\\AppData\\Local\\Temp\\rust_mozprofileRcAIpP"
1655300179272	Marionette	INFO	Marionette enabled
console.warn: SearchSettings: "get: No settings file exists, new profile?" (new NotFoundError("Could not open the file at C:\\Users\\user\\AppData\\Local\\Temp\\rust_mozprofileRcAIpP\\search.json.mozlz4", (void 0)))
DevTools listening on ws://localhost:52366/devtools/browser/f204d71f-4dad-4e85-856e-b3655624c0c6
1655300181615	Marionette	INFO	Listening on port 52372
1655300181963	RemoteAgent	WARN	TLS certificate errors will be ignored for this session
JavaScript error: , line 0: TypeError: NetworkError when attempting to fetch resource.
JavaScript error: https://lngtd.com/nerdlegame.js, line 1: TypeError: i is not a function
1655300210442	Marionette	INFO	Stopped listening on port 52372
console.warn: TopSitesFeed: Failed to fetch data from Contile server: NetworkError when attempting to fetch resource.
JavaScript error: chrome://remote/content/marionette/cert.js, line 55: NS_ERROR_NOT_AVAILABLE: Component returned failure code: 0x80040111 (NS_ERROR_NOT_AVAILABLE) [nsICertOverrideService.setDisableAllSecurityChecksAndLetAttackersInterceptMyData]

###!!! [Parent][PGPUParent] Error: RunMessage(msgname=PGPU::Msg_ShutdownVR) Channel closing: too late to send/recv, messages will be lost

1655300222559	geckodriver	INFO	Listening on 127.0.0.1:52455
1655300225529	mozrunner::runner	INFO	Running command: "C:\\Program Files\\Mozilla Firefox\\firefox.exe" "--marionette" "--remote-debugging-port" "52456" "-no-remote" "-profile" "C:\\Users\\user\\AppData\\Local\\Temp\\rust_mozprofileI9fxZV"
1655300225846	Marionette	INFO	Marionette enabled
console.warn: SearchSettings: "get: No settings file exists, new profile?" (new NotFoundError("Could not open the file at C:\\Users\\user\\AppData\\Local\\Temp\\rust_mozprofileI9fxZV\\search.json.mozlz4", (void 0)))
DevTools listening on ws://localhost:52456/devtools/browser/431f7901-1c7f-4df5-baa8-cac7b8c8513c
1655300228197	Marionette	INFO	Listening on port 52462
1655300228706	RemoteAgent	WARN	TLS certificate errors will be ignored for this session
JavaScript error: , line 0: TypeError: NetworkError when attempting to fetch resource.
JavaScript error: https://lngtd.com/nerdlegame.js, line 1: TypeError: i is not a function
1655300436231	geckodriver	INFO	Listening on 127.0.0.1:52636
1655300439303	mozrunner::runner	INFO	Running command: "C:\\Program Files\\Mozilla Firefox\\firefox.exe" "--marionette" "--remote-debugging-port" "52637" "-no-remote" "-profile" "C:\\Users\\user\\AppData\\Local\\Temp\\rust_mozprofilegJJL5W"
1655300439692	Marionette	INFO	Marionette enabled
console.warn: SearchSettings: "get: No settings file exists, new profile?" (new NotFoundError("Could not open the file at C:\\Users\\user\\AppData\\Local\\Temp\\rust_mozprofilegJJL5W\\search.json.mozlz4", (void 0)))
DevTools listening on ws://localhost:52637/devtools/browser/9bf64a5b-fed3-484d-980a-c9b0c81a0da2
1655300442094	Marionette	INFO	Listening on port 52644
1655300442463	RemoteAgent	WARN	TLS certificate errors will be ignored for this session
JavaScript error: , line 0: TypeError: NetworkError when attempting to fetch resource.
JavaScript error: https://lngtd.com/nerdlegame.js, line 1: TypeError: i is not a function
1655300480848	geckodriver	INFO	Listening on 127.0.0.1:52724
1655300483826	mozrunner::runner	INFO	Running command: "C:\\Program Files\\Mozilla Firefox\\firefox.exe" "--marionette" "--remote-debugging-port" "52725" "-no-remote" "-profile" "C:\\Users\\user\\AppData\\Local\\Temp\\rust_mozprofileG3ZQQE"
1655300484211	Marionette	INFO	Marionette enabled
console.warn: SearchSettings: "get: No settings file exists, new profile?" (new NotFoundError("Could not open the file at C:\\Users\\user\\AppData\\Local\\Temp\\rust_mozprofileG3ZQQE\\search.json.mozlz4", (void 0)))
DevTools listening on ws://localhost:52725/devtools/browser/c2166046-8aba-4d67-bd36-65841bb4d0da
1655300489331	Marionette	INFO	Listening on port 52732
1655300489636	RemoteAgent	WARN	TLS certificate errors will be ignored for this session
JavaScript error: , line 0: TypeError: NetworkError when attempting to fetch resource.
JavaScript error: https://lngtd.com/nerdlegame.js, line 1: TypeError: i is not a function
1655300575813	geckodriver	INFO	Listening on 127.0.0.1:52837
1655300578778	mozrunner::runner	INFO	Running command: "C:\\Program Files\\Mozilla Firefox\\firefox.exe" "--marionette" "--remote-debugging-port" "52838" "-no-remote" "-profile" "C:\\Users\\user\\AppData\\Local\\Temp\\rust_mozprofile4Dz9c2"
1655300579252	Marionette	INFO	Marionette enabled
console.warn: SearchSettings: "get: No settings file exists, new profile?" (new NotFoundError("Could not open the file at C:\\Users\\user\\AppData\\Local\\Temp\\rust_mozprofile4Dz9c2\\search.json.mozlz4", (void 0)))
DevTools listening on ws://localhost:52838/devtools/browser/264de435-0770-48ad-8171-915fa094827c
1655300581626	Marionette	INFO	Listening on port 52844
1655300581972	RemoteAgent	WARN	TLS certificate errors will be ignored for this session
JavaScript error: , line 0: TypeError: NetworkError when attempting to fetch resource.
JavaScript error: https://lngtd.com/nerdlegame.js, line 1: TypeError: i is not a function
1655300585757	Marionette	WARN	TimedPromise timed out after 500 ms: stacktrace:
TimedPromise/<@chrome://remote/content/marionette/sync.js:235:19
TimedPromise@chrome://remote/content/marionette/sync.js:220:10
interaction.flushEventLoop@chrome://remote/content/marionette/interaction.js:431:10
webdriverClickElement@chrome://remote/content/marionette/interaction.js:179:31
1655300586637	Marionette	WARN	TimedPromise timed out after 500 ms: stacktrace:
TimedPromise/<@chrome://remote/content/marionette/sync.js:235:19
TimedPromise@chrome://remote/content/marionette/sync.js:220:10
interaction.flushEventLoop@chrome://remote/content/marionette/interaction.js:431:10
webdriverClickElement@chrome://remote/content/marionette/interaction.js:179:31
1655300587865	Marionette	WARN	TimedPromise timed out after 500 ms: stacktrace:
TimedPromise/<@chrome://remote/content/marionette/sync.js:235:19
TimedPromise@chrome://remote/content/marionette/sync.js:220:10
interaction.flushEventLoop@chrome://remote/content/marionette/interaction.js:431:10
webdriverClickElement@chrome://remote/content/marionette/interaction.js:179:31
1655300678616	geckodriver	INFO	Listening on 127.0.0.1:52949
1655300681585	mozrunner::runner	INFO	Running command: "C:\\Program Files\\Mozilla Firefox\\firefox.exe" "--marionette" "--remote-debugging-port" "52950" "-no-remote" "-profile" "C:\\Users\\user\\AppData\\Local\\Temp\\rust_mozprofilenHjIL1"
1655300681958	Marionette	INFO	Marionette enabled
console.warn: SearchSettings: "get: No settings file exists, new profile?" (new NotFoundError("Could not open the file at C:\\Users\\user\\AppData\\Local\\Temp\\rust_mozprofilenHjIL1\\search.json.mozlz4", (void 0)))
DevTools listening on ws://localhost:52950/devtools/browser/b761e5db-0be6-43aa-90fd-de4126d66bb5
1655300685613	Marionette	INFO	Listening on port 52956
1655300685755	RemoteAgent	WARN	TLS certificate errors will be ignored for this session
JavaScript error: , line 0: TypeError: NetworkError when attempting to fetch resource.
JavaScript error: https://lngtd.com/nerdlegame.js, line 1: TypeError: i is not a function
1655300695920	geckodriver	INFO	Listening on 127.0.0.1:53022
1655300698886	mozrunner::runner	INFO	Running command: "C:\\Program Files\\Mozilla Firefox\\firefox.exe" "--marionette" "--remote-debugging-port" "53023" "-no-remote" "-profile" "C:\\Users\\user\\AppData\\Local\\Temp\\rust_mozprofileIMMFa8"
1655300699236	Marionette	INFO	Marionette enabled
console.warn: SearchSettings: "get: No settings file exists, new profile?" (new NotFoundError("Could not open the file at C:\\Users\\user\\AppData\\Local\\Temp\\rust_mozprofileIMMFa8\\search.json.mozlz4", (void 0)))
DevTools listening on ws://localhost:53023/devtools/browser/acc79c09-d57a-420d-8794-f9377bb87845
1655300701491	Marionette	INFO	Listening on port 53029
1655300701548	RemoteAgent	WARN	TLS certificate errors will be ignored for this session
JavaScript error: , line 0: TypeError: NetworkError when attempting to fetch resource.
JavaScript error: https://lngtd.com/nerdlegame.js, line 1: TypeError: i is not a function
1655300849252	geckodriver	INFO	Listening on 127.0.0.1:53173
1655300852230	mozrunner::runner	INFO	Running command: "C:\\Program Files\\Mozilla Firefox\\firefox.exe" "--marionette" "--remote-debugging-port" "53174" "-no-remote" "-profile" "C:\\Users\\user\\AppData\\Local\\Temp\\rust_mozprofileKfwTmJ"
1655300852549	Marionette	INFO	Marionette enabled
console.warn: SearchSettings: "get: No settings file exists, new profile?" (new NotFoundError("Could not open the file at C:\\Users\\user\\AppData\\Local\\Temp\\rust_mozprofileKfwTmJ\\search.json.mozlz4", (void 0)))
DevTools listening on ws://localhost:53174/devtools/browser/1f2b776d-8200-420c-bdd1-24cc8e50ebfd
1655300855345	Marionette	INFO	Listening on port 53180
1655300855400	RemoteAgent	WARN	TLS certificate errors will be ignored for this session
JavaScript error: , line 0: TypeError: NetworkError when attempting to fetch resource.
JavaScript error: https://lngtd.com/nerdlegame.js, line 1: TypeError: i is not a function
1655300972451	geckodriver	INFO	Listening on 127.0.0.1:53288
1655300975461	mozrunner::runner	INFO	Running command: "C:\\Program Files\\Mozilla Firefox\\firefox.exe" "--marionette" "--remote-debugging-port" "53289" "-no-remote" "-profile" "C:\\Users\\user\\AppData\\Local\\Temp\\rust_mozprofile4iDxbc"
1655300975781	Marionette	INFO	Marionette enabled
console.warn: SearchSettings: "get: No settings file exists, new profile?" (new NotFoundError("Could not open the file at C:\\Users\\user\\AppData\\Local\\Temp\\rust_mozprofile4iDxbc\\search.json.mozlz4", (void 0)))
DevTools listening on ws://localhost:53289/devtools/browser/c1157f74-8deb-4901-81ef-f92e2ef118c0
1655300977951	Marionette	INFO	Listening on port 53295
1655300978112	RemoteAgent	WARN	TLS certificate errors will be ignored for this session
JavaScript error: , line 0: TypeError: NetworkError when attempting to fetch resource.
JavaScript error: https://lngtd.com/nerdlegame.js, line 1: TypeError: i is not a function
1655301153634	geckodriver	INFO	Listening on 127.0.0.1:53436
1655301156651	mozrunner::runner	INFO	Running command: "C:\\Program Files\\Mozilla Firefox\\firefox.exe" "--marionette" "--remote-debugging-port" "53437" "-no-remote" "-profile" "C:\\Users\\user\\AppData\\Local\\Temp\\rust_mozprofile82MUQO"
1655301157062	Marionette	INFO	Marionette enabled
console.warn: SearchSettings: "get: No settings file exists, new profile?" (new NotFoundError("Could not open the file at C:\\Users\\user\\AppData\\Local\\Temp\\rust_mozprofile82MUQO\\search.json.mozlz4", (void 0)))
DevTools listening on ws://localhost:53437/devtools/browser/aedfc8b4-e89b-4340-b17e-4c87823707c4
1655301159698	Marionette	INFO	Listening on port 53444
1655301159839	RemoteAgent	WARN	TLS certificate errors will be ignored for this session
JavaScript error: https://lngtd.com/nerdlegame.js, line 1: TypeError: i is not a function
JavaScript error: , line 0: TypeError: NetworkError when attempting to fetch resource.
1655301164425	Marionette	WARN	TimedPromise timed out after 500 ms: stacktrace:
TimedPromise/<@chrome://remote/content/marionette/sync.js:235:19
TimedPromise@chrome://remote/content/marionette/sync.js:220:10
interaction.flushEventLoop@chrome://remote/content/marionette/interaction.js:431:10
webdriverClickElement@chrome://remote/content/marionette/interaction.js:179:31
1655301211468	geckodriver	INFO	Listening on 127.0.0.1:53544
1655301214434	mozrunner::runner	INFO	Running command: "C:\\Program Files\\Mozilla Firefox\\firefox.exe" "--marionette" "--remote-debugging-port" "53545" "-no-remote" "-profile" "C:\\Users\\user\\AppData\\Local\\Temp\\rust_mozprofileEGvda0"
1655301214748	Marionette	INFO	Marionette enabled
console.warn: SearchSettings: "get: No settings file exists, new profile?" (new NotFoundError("Could not open the file at C:\\Users\\user\\AppData\\Local\\Temp\\rust_mozprofileEGvda0\\search.json.mozlz4", (void 0)))
DevTools listening on ws://localhost:53545/devtools/browser/07f6ca82-586c-436c-b215-44f198dc4deb
1655301217076	Marionette	INFO	Listening on port 53552
1655301217600	RemoteAgent	WARN	TLS certificate errors will be ignored for this session
JavaScript error: , line 0: TypeError: NetworkError when attempting to fetch resource.
JavaScript error: https://lngtd.com/nerdlegame.js, line 1: TypeError: i is not a function
1655301323804	geckodriver	INFO	Listening on 127.0.0.1:53660
1655301326803	mozrunner::runner	INFO	Running command: "C:\\Program Files\\Mozilla Firefox\\firefox.exe" "--marionette" "--remote-debugging-port" "53661" "-no-remote" "-profile" "C:\\Users\\user\\AppData\\Local\\Temp\\rust_mozprofile0xEZC7"
1655301327176	Marionette	INFO	Marionette enabled
console.warn: SearchSettings: "get: No settings file exists, new profile?" (new NotFoundError("Could not open the file at C:\\Users\\user\\AppData\\Local\\Temp\\rust_mozprofile0xEZC7\\search.json.mozlz4", (void 0)))
DevTools listening on ws://localhost:53661/devtools/browser/68b0d377-de73-4ff4-a04e-8e9eec038671
1655301329412	Marionette	INFO	Listening on port 53667
1655301329506	RemoteAgent	WARN	TLS certificate errors will be ignored for this session
JavaScript error: , line 0: TypeError: NetworkError when attempting to fetch resource.
JavaScript error: https://lngtd.com/nerdlegame.js, line 1: TypeError: i is not a function
1655301375068	Marionette	WARN	Ignoring event 'pageshow' because document has an invalid readyState of 'uninitialized'.
1655301375674	Marionette	WARN	Ignoring event 'pageshow' because document has an invalid readyState of 'uninitialized'.
JavaScript warning: https://pagead2.googlesyndication.com/bg/4d97hOvYbNPTRads-oYzVyXo1KzAmhlYxcafsBn6tZM.js line 2 > eval line 6242 > eval line 1 > eval line 1 > eval, line 1: WEBGL_debug_renderer_info is deprecated in Firefox and will be removed. Please use RENDERER.
JavaScript warning: https://pagead2.googlesyndication.com/bg/4d97hOvYbNPTRads-oYzVyXo1KzAmhlYxcafsBn6tZM.js line 2 > eval line 4854 > eval line 1 > eval line 1 > eval, line 1: WEBGL_debug_renderer_info is deprecated in Firefox and will be removed. Please use RENDERER.
1655301439187	geckodriver	INFO	Listening on 127.0.0.1:50297
1655301442190	mozrunner::runner	INFO	Running command: "C:\\Program Files\\Mozilla Firefox\\firefox.exe" "--marionette" "--remote-debugging-port" "50298" "-no-remote" "-profile" "C:\\Users\\user\\AppData\\Local\\Temp\\rust_mozprofileQBPjBt"
1655301442509	Marionette	INFO	Marionette enabled
console.warn: SearchSettings: "get: No settings file exists, new profile?" (new NotFoundError("Could not open the file at C:\\Users\\user\\AppData\\Local\\Temp\\rust_mozprofileQBPjBt\\search.json.mozlz4", (void 0)))
DevTools listening on ws://localhost:50298/devtools/browser/eb02ff95-09f8-41cf-819d-d213e129f427
1655301445171	Marionette	INFO	Listening on port 50304
1655301445341	RemoteAgent	WARN	TLS certificate errors will be ignored for this session
JavaScript error: , line 0: TypeError: NetworkError when attempting to fetch resource.
JavaScript error: https://lngtd.com/nerdlegame.js, line 1: TypeError: i is not a function
1655301503132	geckodriver	INFO	Listening on 127.0.0.1:50391
1655301506131	mozrunner::runner	INFO	Running command: "C:\\Program Files\\Mozilla Firefox\\firefox.exe" "--marionette" "--remote-debugging-port" "50392" "-no-remote" "-profile" "C:\\Users\\user\\AppData\\Local\\Temp\\rust_mozprofiledWdRKU"
1655301506565	Marionette	INFO	Marionette enabled
console.warn: SearchSettings: "get: No settings file exists, new profile?" (new NotFoundError("Could not open the file at C:\\Users\\user\\AppData\\Local\\Temp\\rust_mozprofiledWdRKU\\search.json.mozlz4", (void 0)))
DevTools listening on ws://localhost:50392/devtools/browser/6860aa4c-c8f0-4dd9-bd52-0e484277f716
1655301510566	Marionette	INFO	Listening on port 50399
1655301510938	RemoteAgent	WARN	TLS certificate errors will be ignored for this session
JavaScript error: , line 0: TypeError: NetworkError when attempting to fetch resource.
JavaScript error: https://lngtd.com/nerdlegame.js, line 1: TypeError: i is not a function
